<?xml version="1.0" encoding="UTF-8"?>
<!-- Generated by org.testng.reporters.JUnitReportReporter -->
<testsuite skipped="0" hostname="LAPTOP-FPPB2MD5" name="automation.devops.project.tests.SampleTests" tests="1" failures="0" timestamp="2022-09-04T20:20:59 IST" time="20.153" errors="0">
  <testcase name="launchGoogle" time="20.153" classname="automation.devops.project.tests.SampleTests"/>
  <system-out/>
</testsuite> <!-- automation.devops.project.tests.SampleTests -->
