<?xml version="1.0" encoding="UTF-8"?>
<!-- Generated by org.testng.reporters.JUnitReportReporter -->
<testsuite hostname="LAPTOP-FPPB2MD5" name="automation.devops.project.tests.SampleTests" tests="1" failures="0" timestamp="4 Sep 2022 17:56:42 GMT" time="17.606" errors="0">
  <testcase name="launchGoogle" time="17.606" classname="automation.devops.project.tests.SampleTests"/>
</testsuite> <!-- automation.devops.project.tests.SampleTests -->
